{"numFailedTestSuites":0,"numFailedTests":0,"numPassedTestSuites":3,"numPassedTests":51,"numPendingTestSuites":0,"numPendingTests":0,"numRuntimeErrorTestSuites":0,"numTodoTests":0,"numTotalTestSuites":3,"numTotalTests":51,"openHandles":[],"snapshot":{"added":0,"didUpdate":false,"failure":false,"filesAdded":0,"filesRemoved":0,"filesRemovedList":[],"filesUnmatched":0,"filesUpdated":0,"matched":0,"total":0,"unchecked":0,"uncheckedKeysByFile":[],"unmatched":0,"updated":0},"startTime":1749570077087,"success":true,"testResults":[{"assertionResults":[{"ancestorTitles":["UI Tests (V2)","Slider Tests"],"duration":29,"failureDetails":[],"failureMessages":[],"fullName":"UI Tests (V2) Slider Tests should update model when width slider changes","invocations":1,"location":null,"numPassingAsserts":1,"retryReasons":[],"status":"passed","title":"should update model when width slider changes"},{"ancestorTitles":["UI Tests (V2)","Slider Tests"],"duration":8,"failureDetails":[],"failureMessages":[],"fullName":"UI Tests (V2) Slider Tests should update model when height slider changes","invocations":1,"location":null,"numPassingAsserts":1,"retryReasons":[],"status":"passed","title":"should update model when height slider changes"},{"ancestorTitles":["UI Tests (V2)","Slider Tests"],"duration":5,"failureDetails":[],"failureMessages":[],"fullName":"UI Tests (V2) Slider Tests should update model when depth slider changes","invocations":1,"location":null,"numPassingAsserts":1,"retryReasons":[],"status":"passed","title":"should update model when depth slider changes"},{"ancestorTitles":["UI Tests (V2)","Dropdown Tests"],"duration":10,"failureDetails":[],"failureMessages":[],"fullName":"UI Tests (V2) Dropdown Tests should update model when gate type dropdown changes","invocations":1,"location":null,"numPassingAsserts":1,"retryReasons":[],"status":"passed","title":"should update model when gate type dropdown changes"},{"ancestorTitles":["UI Tests (V2)","Dropdown Tests"],"duration":6,"failureDetails":[],"failureMessages":[],"fullName":"UI Tests (V2) Dropdown Tests should update model when fill type dropdown changes","invocations":1,"location":null,"numPassingAsserts":1,"retryReasons":[],"status":"passed","title":"should update model when fill type dropdown changes"},{"ancestorTitles":["UI Tests (V2)","Cost Display Tests"],"duration":5,"failureDetails":[],"failureMessages":[],"fullName":"UI Tests (V2) Cost Display Tests should display cost in PLN format","invocations":1,"location":null,"numPassingAsserts":1,"retryReasons":[],"status":"passed","title":"should display cost in PLN format"},{"ancestorTitles":["UI Tests (V2)","Cost Display Tests"],"duration":3,"failureDetails":[],"failureMessages":[],"fullName":"UI Tests (V2) Cost Display Tests should update cost display when model changes","invocations":1,"location":null,"numPassingAsserts":1,"retryReasons":[],"status":"passed","title":"should update cost display when model changes"},{"ancestorTitles":["UI Tests (V2)","PDF Button Tests"],"duration":4,"failureDetails":[],"failureMessages":[],"fullName":"UI Tests (V2) PDF Button Tests should have PDF button in DOM","invocations":1,"location":null,"numPassingAsserts":2,"retryReasons":[],"status":"passed","title":"should have PDF button in DOM"},{"ancestorTitles":["UI Tests (V2)","PDF Button Tests"],"duration":6,"failureDetails":[],"failureMessages":[],"fullName":"UI Tests (V2) PDF Button Tests should handle button click events","invocations":1,"location":null,"numPassingAsserts":1,"retryReasons":[],"status":"passed","title":"should handle button click events"},{"ancestorTitles":["UI Tests (V2)","UI Integration Tests"],"duration":4,"failureDetails":[],"failureMessages":[],"fullName":"UI Tests (V2) UI Integration Tests should maintain UI state consistency","invocations":1,"location":null,"numPassingAsserts":3,"retryReasons":[],"status":"passed","title":"should maintain UI state consistency"},{"ancestorTitles":["UI Tests (V2)","UI Integration Tests"],"duration":4,"failureDetails":[],"failureMessages":[],"fullName":"UI Tests (V2) UI Integration Tests should handle rapid UI updates","invocations":1,"location":null,"numPassingAsserts":1,"retryReasons":[],"status":"passed","title":"should handle rapid UI updates"},{"ancestorTitles":["UI Tests (V2)","Accessibility Tests"],"duration":16,"failureDetails":[],"failureMessages":[],"fullName":"UI Tests (V2) Accessibility Tests should have proper form elements","invocations":1,"location":null,"numPassingAsserts":2,"retryReasons":[],"status":"passed","title":"should have proper form elements"},{"ancestorTitles":["UI Tests (V2)","Accessibility Tests"],"duration":5,"failureDetails":[],"failureMessages":[],"fullName":"UI Tests (V2) Accessibility Tests should support keyboard navigation","invocations":1,"location":null,"numPassingAsserts":2,"retryReasons":[],"status":"passed","title":"should support keyboard navigation"},{"ancestorTitles":["UI Tests (V2)","Performance Tests"],"duration":3,"failureDetails":[],"failureMessages":[],"fullName":"UI Tests (V2) Performance Tests should handle UI updates efficiently","invocations":1,"location":null,"numPassingAsserts":1,"retryReasons":[],"status":"passed","title":"should handle UI updates efficiently"}],"endTime":1749570079318,"message":"","name":"C:\\WORKSPACE\\GATES\\MetalGateConfigurator\\__tests__\\ui.test.js","startTime":1749570078707,"status":"passed","summary":""},{"assertionResults":[{"ancestorTitles":["Cost Calculations Tests (V2)","Basic Cost Calculation"],"duration":2,"failureDetails":[],"failureMessages":[],"fullName":"Cost Calculations Tests (V2) Basic Cost Calculation should return positive values for basic calculation","invocations":1,"location":null,"numPassingAsserts":4,"retryReasons":[],"status":"passed","title":"should return positive values for basic calculation"},{"ancestorTitles":["Cost Calculations Tests (V2)","Basic Cost Calculation"],"duration":1,"failureDetails":[],"failureMessages":[],"fullName":"Cost Calculations Tests (V2) Basic Cost Calculation should calculate correct base cost","invocations":1,"location":null,"numPassingAsserts":4,"retryReasons":[],"status":"passed","title":"should calculate correct base cost"},{"ancestorTitles":["Cost Calculations Tests (V2)","Basic Cost Calculation"],"duration":0,"failureDetails":[],"failureMessages":[],"fullName":"Cost Calculations Tests (V2) Basic Cost Calculation should handle zero dimensions","invocations":1,"location":null,"numPassingAsserts":4,"retryReasons":[],"status":"passed","title":"should handle zero dimensions"},{"ancestorTitles":["Cost Calculations Tests (V2)","Basic Cost Calculation"],"duration":0,"failureDetails":[],"failureMessages":[],"fullName":"Cost Calculations Tests (V2) Basic Cost Calculation should handle negative dimensions","invocations":1,"location":null,"numPassingAsserts":4,"retryReasons":[],"status":"passed","title":"should handle negative dimensions"},{"ancestorTitles":["Cost Calculations Tests (V2)","Gate Type Cost Variations"],"duration":0,"failureDetails":[],"failureMessages":[],"fullName":"Cost Calculations Tests (V2) Gate Type Cost Variations should calculate sliding gate cost correctly","invocations":1,"location":null,"numPassingAsserts":1,"retryReasons":[],"status":"passed","title":"should calculate sliding gate cost correctly"},{"ancestorTitles":["Cost Calculations Tests (V2)","Gate Type Cost Variations"],"duration":1,"failureDetails":[],"failureMessages":[],"fullName":"Cost Calculations Tests (V2) Gate Type Cost Variations should calculate double-wing gate cost correctly","invocations":1,"location":null,"numPassingAsserts":1,"retryReasons":[],"status":"passed","title":"should calculate double-wing gate cost correctly"},{"ancestorTitles":["Cost Calculations Tests (V2)","Gate Type Cost Variations"],"duration":0,"failureDetails":[],"failureMessages":[],"fullName":"Cost Calculations Tests (V2) Gate Type Cost Variations should calculate wicket gate cost correctly","invocations":1,"location":null,"numPassingAsserts":1,"retryReasons":[],"status":"passed","title":"should calculate wicket gate cost correctly"},{"ancestorTitles":["Cost Calculations Tests (V2)","Gate Type Cost Variations"],"duration":0,"failureDetails":[],"failureMessages":[],"fullName":"Cost Calculations Tests (V2) Gate Type Cost Variations should handle unknown gate type gracefully","invocations":1,"location":null,"numPassingAsserts":1,"retryReasons":[],"status":"passed","title":"should handle unknown gate type gracefully"},{"ancestorTitles":["Cost Calculations Tests (V2)","Fill Type Cost Variations"],"duration":1,"failureDetails":[],"failureMessages":[],"fullName":"Cost Calculations Tests (V2) Fill Type Cost Variations should calculate mesh fill cost correctly","invocations":1,"location":null,"numPassingAsserts":1,"retryReasons":[],"status":"passed","title":"should calculate mesh fill cost correctly"},{"ancestorTitles":["Cost Calculations Tests (V2)","Fill Type Cost Variations"],"duration":1,"failureDetails":[],"failureMessages":[],"fullName":"Cost Calculations Tests (V2) Fill Type Cost Variations should calculate profiles fill cost correctly","invocations":1,"location":null,"numPassingAsserts":1,"retryReasons":[],"status":"passed","title":"should calculate profiles fill cost correctly"},{"ancestorTitles":["Cost Calculations Tests (V2)","Fill Type Cost Variations"],"duration":1,"failureDetails":[],"failureMessages":[],"fullName":"Cost Calculations Tests (V2) Fill Type Cost Variations should calculate panel fill cost correctly","invocations":1,"location":null,"numPassingAsserts":1,"retryReasons":[],"status":"passed","title":"should calculate panel fill cost correctly"},{"ancestorTitles":["Cost Calculations Tests (V2)","Fill Type Cost Variations"],"duration":0,"failureDetails":[],"failureMessages":[],"fullName":"Cost Calculations Tests (V2) Fill Type Cost Variations should handle unknown fill type gracefully","invocations":1,"location":null,"numPassingAsserts":1,"retryReasons":[],"status":"passed","title":"should handle unknown fill type gracefully"},{"ancestorTitles":["Cost Calculations Tests (V2)","Combined Type and Fill Calculations"],"duration":1,"failureDetails":[],"failureMessages":[],"fullName":"Cost Calculations Tests (V2) Combined Type and Fill Calculations should calculate double-wing with profiles correctly","invocations":1,"location":null,"numPassingAsserts":4,"retryReasons":[],"status":"passed","title":"should calculate double-wing with profiles correctly"},{"ancestorTitles":["Cost Calculations Tests (V2)","Combined Type and Fill Calculations"],"duration":1,"failureDetails":[],"failureMessages":[],"fullName":"Cost Calculations Tests (V2) Combined Type and Fill Calculations should calculate wicket with panel correctly","invocations":1,"location":null,"numPassingAsserts":4,"retryReasons":[],"status":"passed","title":"should calculate wicket with panel correctly"},{"ancestorTitles":["Cost Calculations Tests (V2)","Edge Cases"],"duration":1,"failureDetails":[],"failureMessages":[],"fullName":"Cost Calculations Tests (V2) Edge Cases should handle very large dimensions","invocations":1,"location":null,"numPassingAsserts":4,"retryReasons":[],"status":"passed","title":"should handle very large dimensions"},{"ancestorTitles":["Cost Calculations Tests (V2)","Edge Cases"],"duration":1,"failureDetails":[],"failureMessages":[],"fullName":"Cost Calculations Tests (V2) Edge Cases should handle very small dimensions","invocations":1,"location":null,"numPassingAsserts":4,"retryReasons":[],"status":"passed","title":"should handle very small dimensions"},{"ancestorTitles":["Cost Calculations Tests (V2)","Edge Cases"],"duration":1,"failureDetails":[],"failureMessages":[],"fullName":"Cost Calculations Tests (V2) Edge Cases should handle decimal dimensions","invocations":1,"location":null,"numPassingAsserts":4,"retryReasons":[],"status":"passed","title":"should handle decimal dimensions"},{"ancestorTitles":["Cost Calculations Tests (V2)","Performance Tests"],"duration":2,"failureDetails":[],"failureMessages":[],"fullName":"Cost Calculations Tests (V2) Performance Tests should calculate costs efficiently","invocations":1,"location":null,"numPassingAsserts":1,"retryReasons":[],"status":"passed","title":"should calculate costs efficiently"},{"ancestorTitles":["Cost Calculations Tests (V2)","Performance Tests"],"duration":1,"failureDetails":[],"failureMessages":[],"fullName":"Cost Calculations Tests (V2) Performance Tests should handle rapid successive calculations","invocations":1,"location":null,"numPassingAsserts":3,"retryReasons":[],"status":"passed","title":"should handle rapid successive calculations"},{"ancestorTitles":["Cost Calculations Tests (V2)","Data Validation"],"duration":1,"failureDetails":[],"failureMessages":[],"fullName":"Cost Calculations Tests (V2) Data Validation should handle missing parameters gracefully","invocations":1,"location":null,"numPassingAsserts":1,"retryReasons":[],"status":"passed","title":"should handle missing parameters gracefully"},{"ancestorTitles":["Cost Calculations Tests (V2)","Data Validation"],"duration":0,"failureDetails":[],"failureMessages":[],"fullName":"Cost Calculations Tests (V2) Data Validation should handle null parameters","invocations":1,"location":null,"numPassingAsserts":1,"retryReasons":[],"status":"passed","title":"should handle null parameters"},{"ancestorTitles":["Cost Calculations Tests (V2)","Data Validation"],"duration":0,"failureDetails":[],"failureMessages":[],"fullName":"Cost Calculations Tests (V2) Data Validation should handle undefined parameters","invocations":1,"location":null,"numPassingAsserts":1,"retryReasons":[],"status":"passed","title":"should handle undefined parameters"},{"ancestorTitles":["Cost Calculations Tests (V2)","Cost Breakdown Validation"],"duration":1,"failureDetails":[],"failureMessages":[],"fullName":"Cost Calculations Tests (V2) Cost Breakdown Validation should maintain cost breakdown proportions","invocations":1,"location":null,"numPassingAsserts":4,"retryReasons":[],"status":"passed","title":"should maintain cost breakdown proportions"},{"ancestorTitles":["Cost Calculations Tests (V2)","Cost Breakdown Validation"],"duration":2,"failureDetails":[],"failureMessages":[],"fullName":"Cost Calculations Tests (V2) Cost Breakdown Validation should maintain proportions across different types","invocations":1,"location":null,"numPassingAsserts":27,"retryReasons":[],"status":"passed","title":"should maintain proportions across different types"}],"endTime":1749570079451,"message":"","name":"C:\\WORKSPACE\\GATES\\MetalGateConfigurator\\__tests__\\cost-calculations.test.js","startTime":1749570079339,"status":"passed","summary":""},{"assertionResults":[{"ancestorTitles":["Rendering Tests (V2)","Gate Type Rendering"],"duration":4,"failureDetails":[],"failureMessages":[],"fullName":"Rendering Tests (V2) Gate Type Rendering should render sliding gate correctly","invocations":1,"location":null,"numPassingAsserts":2,"retryReasons":[],"status":"passed","title":"should render sliding gate correctly"},{"ancestorTitles":["Rendering Tests (V2)","Gate Type Rendering"],"duration":1,"failureDetails":[],"failureMessages":[],"fullName":"Rendering Tests (V2) Gate Type Rendering should render double-wing gate correctly","invocations":1,"location":null,"numPassingAsserts":1,"retryReasons":[],"status":"passed","title":"should render double-wing gate correctly"},{"ancestorTitles":["Rendering Tests (V2)","Gate Type Rendering"],"duration":1,"failureDetails":[],"failureMessages":[],"fullName":"Rendering Tests (V2) Gate Type Rendering should render wicket gate correctly","invocations":1,"location":null,"numPassingAsserts":2,"retryReasons":[],"status":"passed","title":"should render wicket gate correctly"},{"ancestorTitles":["Rendering Tests (V2)","Fill Type Rendering"],"duration":0,"failureDetails":[],"failureMessages":[],"fullName":"Rendering Tests (V2) Fill Type Rendering should render mesh fill correctly","invocations":1,"location":null,"numPassingAsserts":1,"retryReasons":[],"status":"passed","title":"should render mesh fill correctly"},{"ancestorTitles":["Rendering Tests (V2)","Fill Type Rendering"],"duration":0,"failureDetails":[],"failureMessages":[],"fullName":"Rendering Tests (V2) Fill Type Rendering should render profiles fill correctly","invocations":1,"location":null,"numPassingAsserts":1,"retryReasons":[],"status":"passed","title":"should render profiles fill correctly"},{"ancestorTitles":["Rendering Tests (V2)","Fill Type Rendering"],"duration":0,"failureDetails":[],"failureMessages":[],"fullName":"Rendering Tests (V2) Fill Type Rendering should render panel fill correctly","invocations":1,"location":null,"numPassingAsserts":1,"retryReasons":[],"status":"passed","title":"should render panel fill correctly"},{"ancestorTitles":["Rendering Tests (V2)","Dimension Rendering"],"duration":2,"failureDetails":[],"failureMessages":[],"fullName":"Rendering Tests (V2) Dimension Rendering should render gate with correct dimensions","invocations":1,"location":null,"numPassingAsserts":12,"retryReasons":[],"status":"passed","title":"should render gate with correct dimensions"},{"ancestorTitles":["Rendering Tests (V2)","Dimension Rendering"],"duration":1,"failureDetails":[],"failureMessages":[],"fullName":"Rendering Tests (V2) Dimension Rendering should handle zero dimensions gracefully","invocations":1,"location":null,"numPassingAsserts":3,"retryReasons":[],"status":"passed","title":"should handle zero dimensions gracefully"},{"ancestorTitles":["Rendering Tests (V2)","Dimension Rendering"],"duration":1,"failureDetails":[],"failureMessages":[],"fullName":"Rendering Tests (V2) Dimension Rendering should handle negative dimensions gracefully","invocations":1,"location":null,"numPassingAsserts":3,"retryReasons":[],"status":"passed","title":"should handle negative dimensions gracefully"},{"ancestorTitles":["Rendering Tests (V2)","Performance Tests"],"duration":0,"failureDetails":[],"failureMessages":[],"fullName":"Rendering Tests (V2) Performance Tests should create gate within reasonable time","invocations":1,"location":null,"numPassingAsserts":1,"retryReasons":[],"status":"passed","title":"should create gate within reasonable time"},{"ancestorTitles":["Rendering Tests (V2)","Performance Tests"],"duration":1,"failureDetails":[],"failureMessages":[],"fullName":"Rendering Tests (V2) Performance Tests should handle multiple gate creations efficiently","invocations":1,"location":null,"numPassingAsserts":1,"retryReasons":[],"status":"passed","title":"should handle multiple gate creations efficiently"},{"ancestorTitles":["Rendering Tests (V2)","Memory Management"],"duration":1,"failureDetails":[],"failureMessages":[],"fullName":"Rendering Tests (V2) Memory Management should not leak memory on multiple creations","invocations":1,"location":null,"numPassingAsserts":1,"retryReasons":[],"status":"passed","title":"should not leak memory on multiple creations"},{"ancestorTitles":["Rendering Tests (V2)","Combinatorial Rendering Showcase"],"duration":10,"failureDetails":[],"failureMessages":[],"fullName":"Rendering Tests (V2) Combinatorial Rendering Showcase should render a wide variety of gates and fills (showcase)","invocations":1,"location":null,"numPassingAsserts":92,"retryReasons":[],"status":"passed","title":"should render a wide variety of gates and fills (showcase)"}],"endTime":1749570079578,"message":"","name":"C:\\WORKSPACE\\GATES\\MetalGateConfigurator\\__tests__\\rendering.test.js","startTime":1749570079467,"status":"passed","summary":""}],"wasInterrupted":false}
